<?xml version="1.0" encoding="UTF-8"?>
<testsuite name="springrestoauth2.InvoiceControllerTest" tests="1" skipped="0" failures="1" errors="0" timestamp="2017-11-22T09:47:56" hostname="SYNPSZD2906" time="0.001">
  <properties/>
  <testcase name="initializationError" classname="springrestoauth2.InvoiceControllerTest" time="0.001">
    <failure message="java.lang.IllegalStateException: Unable to find a @SpringBootConfiguration, you need to use @ContextConfiguration or @SpringBootTest(classes=...) with your test" type="java.lang.IllegalStateException">java.lang.IllegalStateException: Unable to find a @SpringBootConfiguration, you need to use @ContextConfiguration or @SpringBootTest(classes=...) with your test
	at org.springframework.util.Assert.state(Assert.java:70)
	at org.springframework.boot.test.context.SpringBootTestContextBootstrapper.getOrFindConfigurationClasses(SpringBootTestContextBootstrapper.java:202)
	at org.springframework.boot.test.context.SpringBootTestContextBootstrapper.processMergedContextConfiguration(SpringBootTestContextBootstrapper.java:137)
	at org.springframework.test.context.support.AbstractTestContextBootstrapper.buildMergedContextConfiguration(AbstractTestContextBootstrapper.java:409)
	at org.springframework.test.context.support.AbstractTestContextBootstrapper.buildDefaultMergedContextConfiguration(AbstractTestContextBootstrapper.java:323)
	at org.springframework.test.context.support.AbstractTestContextBootstrapper.buildMergedContextConfiguration(AbstractTestContextBootstrapper.java:277)
	at org.springframework.test.context.support.AbstractTestContextBootstrapper.buildTestContext(AbstractTestContextBootstrapper.java:112)
	at org.springframework.boot.test.context.SpringBootTestContextBootstrapper.buildTestContext(SpringBootTestContextBootstrapper.java:82)
	at org.springframework.test.context.TestContextManager.&lt;init&gt;(TestContextManager.java:120)
	at org.springframework.test.context.TestContextManager.&lt;init&gt;(TestContextManager.java:105)
	at org.springframework.test.context.junit4.SpringJUnit4ClassRunner.createTestContextManager(SpringJUnit4ClassRunner.java:152)
	at org.springframework.test.context.junit4.SpringJUnit4ClassRunner.&lt;init&gt;(SpringJUnit4ClassRunner.java:143)
	at org.springframework.test.context.junit4.SpringRunner.&lt;init&gt;(SpringRunner.java:49)
	at sun.reflect.NativeConstructorAccessorImpl.newInstance0(Native Method)
	at sun.reflect.NativeConstructorAccessorImpl.newInstance(NativeConstructorAccessorImpl.java:62)
	at sun.reflect.DelegatingConstructorAccessorImpl.newInstance(DelegatingConstructorAccessorImpl.java:45)
	at java.lang.reflect.Constructor.newInstance(Constructor.java:408)
	at org.junit.internal.builders.AnnotatedBuilder.buildRunner(AnnotatedBuilder.java:104)
	at org.junit.internal.builders.AnnotatedBuilder.runnerForClass(AnnotatedBuilder.java:86)
	at org.junit.runners.model.RunnerBuilder.safeRunnerForClass(RunnerBuilder.java:59)
	at org.junit.internal.builders.AllDefaultPossibilitiesBuilder.runnerForClass(AllDefaultPossibilitiesBuilder.java:26)
	at org.junit.runners.model.RunnerBuilder.safeRunnerForClass(RunnerBuilder.java:59)
	at org.junit.internal.requests.ClassRequest.getRunner(ClassRequest.java:33)
	at org.gradle.api.internal.tasks.testing.junit.JUnitTestClassExecuter.runTestClass(JUnitTestClassExecuter.java:86)
	at org.gradle.api.internal.tasks.testing.junit.JUnitTestClassExecuter.execute(JUnitTestClassExecuter.java:57)
	at org.gradle.api.internal.tasks.testing.junit.JUnitTestClassProcessor.processTestClass(JUnitTestClassProcessor.java:66)
	at org.gradle.api.internal.tasks.testing.SuiteTestClassProcessor.processTestClass(SuiteTestClassProcessor.java:51)
	at sun.reflect.NativeMethodAccessorImpl.invoke0(Native Method)
	at sun.reflect.NativeMethodAccessorImpl.invoke(NativeMethodAccessorImpl.java:62)
	at sun.reflect.DelegatingMethodAccessorImpl.invoke(DelegatingMethodAccessorImpl.java:43)
	at java.lang.reflect.Method.invoke(Method.java:483)
	at org.gradle.internal.dispatch.ReflectionDispatch.dispatch(ReflectionDispatch.java:35)
	at org.gradle.internal.dispatch.ReflectionDispatch.dispatch(ReflectionDispatch.java:24)
	at org.gradle.internal.dispatch.ContextClassLoaderDispatch.dispatch(ContextClassLoaderDispatch.java:32)
	at org.gradle.internal.dispatch.ProxyDispatchAdapter$DispatchingInvocationHandler.invoke(ProxyDispatchAdapter.java:93)
	at com.sun.proxy.$Proxy1.processTestClass(Unknown Source)
	at org.gradle.api.internal.tasks.testing.worker.TestWorker.processTestClass(TestWorker.java:108)
	at sun.reflect.NativeMethodAccessorImpl.invoke0(Native Method)
	at sun.reflect.NativeMethodAccessorImpl.invoke(NativeMethodAccessorImpl.java:62)
	at sun.reflect.DelegatingMethodAccessorImpl.invoke(DelegatingMethodAccessorImpl.java:43)
	at java.lang.reflect.Method.invoke(Method.java:483)
	at org.gradle.internal.dispatch.ReflectionDispatch.dispatch(ReflectionDispatch.java:35)
	at org.gradle.internal.dispatch.ReflectionDispatch.dispatch(ReflectionDispatch.java:24)
	at org.gradle.internal.remote.internal.hub.MessageHubBackedObjectConnection$DispatchWrapper.dispatch(MessageHubBackedObjectConnection.java:146)
	at org.gradle.internal.remote.internal.hub.MessageHubBackedObjectConnection$DispatchWrapper.dispatch(MessageHubBackedObjectConnection.java:128)
	at org.gradle.internal.remote.internal.hub.MessageHub$Handler.run(MessageHub.java:404)
	at org.gradle.internal.concurrent.ExecutorPolicy$CatchAndRecordFailures.onExecute(ExecutorPolicy.java:63)
	at org.gradle.internal.concurrent.ManagedExecutorImpl$1.run(ManagedExecutorImpl.java:46)
	at java.util.concurrent.ThreadPoolExecutor.runWorker(ThreadPoolExecutor.java:1142)
	at java.util.concurrent.ThreadPoolExecutor$Worker.run(ThreadPoolExecutor.java:617)
	at org.gradle.internal.concurrent.ThreadFactoryImpl$ManagedThreadRunnable.run(ThreadFactoryImpl.java:55)
	at java.lang.Thread.run(Thread.java:745)
</failure>
  </testcase>
  <system-out><![CDATA[15:17:56.290 [Test worker] DEBUG org.springframework.test.context.junit4.SpringJUnit4ClassRunner - SpringJUnit4ClassRunner constructor called with [class springrestoauth2.InvoiceControllerTest]
15:17:56.298 [Test worker] DEBUG org.springframework.test.context.BootstrapUtils - Instantiating CacheAwareContextLoaderDelegate from class [org.springframework.test.context.cache.DefaultCacheAwareContextLoaderDelegate]
15:17:56.323 [Test worker] DEBUG org.springframework.test.context.BootstrapUtils - Instantiating BootstrapContext using constructor [public org.springframework.test.context.support.DefaultBootstrapContext(java.lang.Class,org.springframework.test.context.CacheAwareContextLoaderDelegate)]
15:17:56.350 [Test worker] DEBUG org.springframework.test.context.BootstrapUtils - Instantiating TestContextBootstrapper for test class [springrestoauth2.InvoiceControllerTest] from class [org.springframework.boot.test.context.SpringBootTestContextBootstrapper]
15:17:56.367 [Test worker] INFO org.springframework.boot.test.context.SpringBootTestContextBootstrapper - Neither @ContextConfiguration nor @ContextHierarchy found for test class [springrestoauth2.InvoiceControllerTest], using SpringBootContextLoader
15:17:56.371 [Test worker] DEBUG org.springframework.test.context.support.AbstractContextLoader - Did not detect default resource location for test class [springrestoauth2.InvoiceControllerTest]: class path resource [springrestoauth2/InvoiceControllerTest-context.xml] does not exist
15:17:56.372 [Test worker] DEBUG org.springframework.test.context.support.AbstractContextLoader - Did not detect default resource location for test class [springrestoauth2.InvoiceControllerTest]: class path resource [springrestoauth2/InvoiceControllerTestContext.groovy] does not exist
15:17:56.372 [Test worker] INFO org.springframework.test.context.support.AbstractContextLoader - Could not detect default resource locations for test class [springrestoauth2.InvoiceControllerTest]: no resource found for suffixes {-context.xml, Context.groovy}.
15:17:56.373 [Test worker] INFO org.springframework.test.context.support.AnnotationConfigContextLoaderUtils - Could not detect default configuration classes for test class [springrestoauth2.InvoiceControllerTest]: InvoiceControllerTest does not declare any static, non-private, non-final, nested classes annotated with @Configuration.
15:17:56.429 [Test worker] DEBUG org.springframework.test.context.support.ActiveProfilesUtils - Could not find an 'annotation declaring class' for annotation type [org.springframework.test.context.ActiveProfiles] and class [springrestoauth2.InvoiceControllerTest]
15:17:56.437 [Test worker] DEBUG org.springframework.core.env.StandardEnvironment - Adding PropertySource 'systemProperties' with lowest search precedence
15:17:56.438 [Test worker] DEBUG org.springframework.core.env.StandardEnvironment - Adding PropertySource 'systemEnvironment' with lowest search precedence
15:17:56.439 [Test worker] DEBUG org.springframework.core.env.StandardEnvironment - Initialized StandardEnvironment with PropertySources [MapPropertySource@4063800 {name='systemProperties', properties={java.runtime.name=Java(TM) SE Runtime Environment, sun.boot.library.path=C:\Program Files\Java\jdk1.8.0_25\jre\bin, java.vm.version=25.25-b02, java.vm.vendor=Oracle Corporation, java.vendor.url=http://java.oracle.com/, path.separator=;, java.vm.name=Java HotSpot(TM) Client VM, file.encoding.pkg=sun.io, user.script=, sun.java.launcher=SUN_STANDARD, user.country=US, sun.os.patch.level=Service Pack 1, java.vm.specification.name=Java Virtual Machine Specification, user.dir=D:\Sameer\Workspace2\springrestoauth2, java.runtime.version=1.8.0_25-b18, java.awt.graphicsenv=sun.awt.Win32GraphicsEnvironment, java.endorsed.dirs=C:\Program Files\Java\jdk1.8.0_25\jre\lib\endorsed, os.arch=x86, java.io.tmpdir=C:\Users\SR5003~1\AppData\Local\Temp\, line.separator=
, java.vm.specification.vendor=Oracle Corporation, user.variant=, os.name=Windows 7, sun.jnu.encoding=Cp1252, java.library.path=C:\Program Files\Java\jdk1.8.0_25\bin;C:\Windows\Sun\Java\bin;C:\Windows\system32;C:\Windows;C:\Users\SR5003436\AppData\Local\Programs\Python\Python35-32;C:\Users\SR5003436\AppData\Local\Programs\Python\Python35-32\Scripts;C:\ProgramData\Oracle\Java\javapath;C:\Windows\system32;C:\Windows;C:\Windows\System32\Wbem;C:\Windows\System32\WindowsPowerShell\v1.0\;C:\Program Files\Java\jdk1.6.0_18\bin;C:\Program Files\Git\cmd;d:\Continuum\Anaconda3;d:\Continuum\Anaconda3\Scripts;d:\Continuum\Anaconda3\Library\bin;C:\Users\SR5003436\AppData\Local\Programs\Python\Python36-32\Scripts\;C:\Users\SR5003436\AppData\Local\Programs\Python\Python36-32\;D:\Sameer\Anaconda3;D:\Sameer\Anaconda3\Scripts;D:\Sameer\Anaconda3\Library\bin;D:\Sameer\CloudFoundry;D:\Sameer\gradle-4.3.1\bin;., java.specification.name=Java Platform API Specification, java.class.version=52.0, org.gradle.native=false, sun.management.compiler=HotSpot Client Compiler, os.version=6.1, user.home=C:\Users\SR5003436, user.timezone=Asia/Calcutta, java.awt.printerjob=sun.awt.windows.WPrinterJob, file.encoding=windows-1252, java.specification.version=1.8, java.class.path=D:\Sameer\Workspace2\springrestoauth2\build\classes\java\test;D:\Sameer\Workspace2\springrestoauth2\build\resources\test;D:\Sameer\Workspace2\springrestoauth2\build\classes\java\main;D:\Sameer\Workspace2\springrestoauth2\build\resources\main;C:\Users\SR5003436\.gradle\caches\modules-2\files-2.1\org.springframework.boot\spring-boot-starter-web\1.5.8.RELEASE\7e0dc79e3b47be4539ad3c033639133ae6b7a17e\spring-boot-starter-web-1.5.8.RELEASE.jar;C:\Users\SR5003436\.gradle\caches\modules-2\files-2.1\org.springframework.boot\spring-boot-starter-jetty\1.5.8.RELEASE\580345e9e989cd9abd8038bf928daa98b932cb50\spring-boot-starter-jetty-1.5.8.RELEASE.jar;C:\Users\SR5003436\.gradle\caches\modules-2\files-2.1\org.springframework.boot\spring-boot-starter-actuator\1.5.8.RELEASE\927c40a1af518dc240dfdf7aaf0a9673c3a127c5\spring-boot-starter-actuator-1.5.8.RELEASE.jar;C:\Users\SR5003436\.gradle\caches\modules-2\files-2.1\org.springframework.boot\spring-boot-starter-test\1.5.8.RELEASE\20b767f594924b32950286f1236ab7d68ff861f9\spring-boot-starter-test-1.5.8.RELEASE.jar;C:\Users\SR5003436\.gradle\caches\modules-2\files-2.1\junit\junit\4.12\2973d150c0dc1fefe998f834810d68f278ea58ec\junit-4.12.jar;C:\Users\SR5003436\.gradle\caches\modules-2\files-2.1\org.springframework.boot\spring-boot-starter\1.5.8.RELEASE\18048efe1f06569022a53cc3fb2fe9c0162935a3\spring-boot-starter-1.5.8.RELEASE.jar;C:\Users\SR5003436\.gradle\caches\modules-2\files-2.1\org.springframework.boot\spring-boot-starter-tomcat\1.5.8.RELEASE\cf3b7eb7e192a60ab1dd09e4f8bce82710a5feb0\spring-boot-starter-tomcat-1.5.8.RELEASE.jar;C:\Users\SR5003436\.gradle\caches\modules-2\files-2.1\org.hibernate\hibernate-validator\5.3.5.Final\622a9bcef2eed6d41b5b8e0662c36212009e375\hibernate-validator-5.3.5.Final.jar;C:\Users\SR5003436\.gradle\caches\modules-2\files-2.1\org.springframework.boot\spring-boot-actuator\1.5.8.RELEASE\aac530fe877ed91c92831019755c49f29b08e6\spring-boot-actuator-1.5.8.RELEASE.jar;C:\Users\SR5003436\.gradle\caches\modules-2\files-2.1\com.fasterxml.jackson.core\jackson-databind\2.8.10\f7b83cb2bc4b88d53961e749e1ad32f49ef017b7\jackson-databind-2.8.10.jar;C:\Users\SR5003436\.gradle\caches\modules-2\files-2.1\org.springframework\spring-webmvc\4.3.12.RELEASE\986e5dcd4435e780f6be64f8185eaa51523cf851\spring-webmvc-4.3.12.RELEASE.jar;C:\Users\SR5003436\.gradle\caches\modules-2\files-2.1\org.springframework\spring-web\4.3.12.RELEASE\86c29588cca74d0fc848b194cb13fcdfd12bc990\spring-web-4.3.12.RELEASE.jar;C:\Users\SR5003436\.gradle\caches\modules-2\files-2.1\org.eclipse.jetty\jetty-servlets\9.4.7.v20170914\a0b1f50faf6ea178e4e1b46072794ebbb4c682e9\jetty-servlets-9.4.7.v20170914.jar;C:\Users\SR5003436\.gradle\caches\modules-2\files-2.1\org.eclipse.jetty.websocket\javax-websocket-server-impl\9.4.7.v20170914\45e2d7106f87f7950928447b7124e07e68b3f9a3\javax-websocket-server-impl-9.4.7.v20170914.jar;C:\Users\SR5003436\.gradle\caches\modules-2\files-2.1\org.eclipse.jetty\jetty-annotations\9.4.7.v20170914\fb2649517a94753465c9dfa05965a5caf471ffcf\jetty-annotations-9.4.7.v20170914.jar;C:\Users\SR5003436\.gradle\caches\modules-2\files-2.1\org.eclipse.jetty\jetty-plus\9.4.7.v20170914\862942bedb3d071e475770494b017efc6efa5a4f\jetty-plus-9.4.7.v20170914.jar;C:\Users\SR5003436\.gradle\caches\modules-2\files-2.1\org.eclipse.jetty\jetty-webapp\9.4.7.v20170914\cb3f5561ad15a750dcb0cfdcc2db6df141df74b2\jetty-webapp-9.4.7.v20170914.jar;C:\Users\SR5003436\.gradle\caches\modules-2\files-2.1\org.eclipse.jetty.websocket\websocket-server\9.4.7.v20170914\560ebb2f187c0f61b07b24eb667f669941beff89\websocket-server-9.4.7.v20170914.jar;C:\Users\SR5003436\.gradle\caches\modules-2\files-2.1\org.mortbay.jasper\apache-el\8.0.33\1b8fa2179b3937cada939317bb135815e79c0ac2\apache-el-8.0.33.jar;C:\Users\SR5003436\.gradle\caches\modules-2\files-2.1\org.mockito\mockito-core\1.10.19\e8546f5bef4e061d8dd73895b4e8f40e3fe6effe\mockito-core-1.10.19.jar;C:\Users\SR5003436\.gradle\caches\modules-2\files-2.1\org.hamcrest\hamcrest-library\1.3\4785a3c21320980282f9f33d0d1264a69040538f\hamcrest-library-1.3.jar;C:\Users\SR5003436\.gradle\caches\modules-2\files-2.1\org.hamcrest\hamcrest-core\1.3\42a25dc3219429f0e5d060061f71acb49bf010a0\hamcrest-core-1.3.jar;C:\Users\SR5003436\.gradle\caches\modules-2\files-2.1\org.springframework.boot\spring-boot-test-autoconfigure\1.5.8.RELEASE\a8f986cc4b6ecef1417fe50c20984f12f54d15cc\spring-boot-test-autoconfigure-1.5.8.RELEASE.jar;C:\Users\SR5003436\.gradle\caches\modules-2\files-2.1\org.springframework.boot\spring-boot-test\1.5.8.RELEASE\17dedee86d1a9e9bd409d715fd90650ca1049659\spring-boot-test-1.5.8.RELEASE.jar;C:\Users\SR5003436\.gradle\caches\modules-2\files-2.1\com.jayway.jsonpath\json-path\2.2.0\22290d17944bd239fabf5ac69005a60a7ecbbbcb\json-path-2.2.0.jar;C:\Users\SR5003436\.gradle\caches\modules-2\files-2.1\org.assertj\assertj-core\2.6.0\b532c3fc4f66bcfee4989a3514f1cd56203a33ad\assertj-core-2.6.0.jar;C:\Users\SR5003436\.gradle\caches\modules-2\files-2.1\org.skyscreamer\jsonassert\1.4.0\9cdbb373a06f6513e51e8c545ee6a5e981463edb\jsonassert-1.4.0.jar;C:\Users\SR5003436\.gradle\caches\modules-2\files-2.1\org.springframework\spring-test\4.3.12.RELEASE\825a7ac1014528db722a6cc94cceaef2410cb314\spring-test-4.3.12.RELEASE.jar;C:\Users\SR5003436\.gradle\caches\modules-2\files-2.1\org.springframework.boot\spring-boot-autoconfigure\1.5.8.RELEASE\e4f2efa4c319f4e3613d94fbccfdb5ccda6873e3\spring-boot-autoconfigure-1.5.8.RELEASE.jar;C:\Users\SR5003436\.gradle\caches\modules-2\files-2.1\org.springframework.boot\spring-boot\1.5.8.RELEASE\748ebde51761e12627ad23d064024f342b18f9b4\spring-boot-1.5.8.RELEASE.jar;C:\Users\SR5003436\.gradle\caches\modules-2\files-2.1\org.springframework\spring-context\4.3.12.RELEASE\5e6d26f36636f36b7efec1d6a0c5991284fbd95b\spring-context-4.3.12.RELEASE.jar;C:\Users\SR5003436\.gradle\caches\modules-2\files-2.1\org.springframework\spring-aop\4.3.12.RELEASE\b3fef085902993c2ef874c45c7bfd79296d5a5a4\spring-aop-4.3.12.RELEASE.jar;C:\Users\SR5003436\.gradle\caches\modules-2\files-2.1\org.springframework\spring-beans\4.3.12.RELEASE\547dd432d47d0f01d9ccbedc4b705f9f7c1240a\spring-beans-4.3.12.RELEASE.jar;C:\Users\SR5003436\.gradle\caches\modules-2\files-2.1\org.springframework\spring-expression\4.3.12.RELEASE\790f69f6ad7f9da8d4a92c603ad7244c398c8309\spring-expression-4.3.12.RELEASE.jar;C:\Users\SR5003436\.gradle\caches\modules-2\files-2.1\org.springframework\spring-core\4.3.12.RELEASE\4cebc69478c6d350dbd5af28e3db7d5694f416e3\spring-core-4.3.12.RELEASE.jar;C:\Users\SR5003436\.gradle\caches\modules-2\files-2.1\org.springframework.boot\spring-boot-starter-logging\1.5.8.RELEASE\ebc00a0e46753d90431fdcc5e3d6b9fd3bf1564a\spring-boot-starter-logging-1.5.8.RELEASE.jar;C:\Users\SR5003436\.gradle\caches\modules-2\files-2.1\org.yaml\snakeyaml\1.17\7a27ea250c5130b2922b86dea63cbb1cc10a660c\snakeyaml-1.17.jar;C:\Users\SR5003436\.gradle\caches\modules-2\files-2.1\org.apache.tomcat.embed\tomcat-embed-websocket\8.5.23\52f07abcae10dc7e1764304b0877def175c2c833\tomcat-embed-websocket-8.5.23.jar;C:\Users\SR5003436\.gradle\caches\modules-2\files-2.1\org.apache.tomcat.embed\tomcat-embed-core\8.5.23\79261793a47f507890ee08f749b9d81774e4f7f0\tomcat-embed-core-8.5.23.jar;C:\Users\SR5003436\.gradle\caches\modules-2\files-2.1\org.apache.tomcat.embed\tomcat-embed-el\8.5.23\98d979cde444dffa6d434c8377d0123b2dfa614c\tomcat-embed-el-8.5.23.jar;C:\Users\SR5003436\.gradle\caches\modules-2\files-2.1\javax.validation\validation-api\1.1.0.Final\8613ae82954779d518631e05daa73a6a954817d5\validation-api-1.1.0.Final.jar;C:\Users\SR5003436\.gradle\caches\modules-2\files-2.1\org.jboss.logging\jboss-logging\3.3.1.Final\c46217ab74b532568c0ed31dc599db3048bd1b67\jboss-logging-3.3.1.Final.jar;C:\Users\SR5003436\.gradle\caches\modules-2\files-2.1\com.fasterxml\classmate\1.3.4\3d5f48f10bbe4eb7bd862f10c0583be2e0053c6\classmate-1.3.4.jar;C:\Users\SR5003436\.gradle\caches\modules-2\files-2.1\com.fasterxml.jackson.core\jackson-annotations\2.8.0\45b426f7796b741035581a176744d91090e2e6fb\jackson-annotations-2.8.0.jar;C:\Users\SR5003436\.gradle\caches\modules-2\files-2.1\com.fasterxml.jackson.core\jackson-core\2.8.10\eb21a035c66ad307e66ec8fce37f5d50fd62d039\jackson-core-2.8.10.jar;C:\Users\SR5003436\.gradle\caches\modules-2\files-2.1\org.eclipse.jetty\jetty-continuation\9.4.7.v20170914\6b2aaa9da3e11e0f12bba9a80e74a389ab0d045e\jetty-continuation-9.4.7.v20170914.jar;C:\Users\SR5003436\.gradle\caches\modules-2\files-2.1\org.eclipse.jetty.websocket\javax-websocket-client-impl\9.4.7.v20170914\94e54b803406f711e2f9636dd658e497e2ca9e67\javax-websocket-client-impl-9.4.7.v20170914.jar;C:\Users\SR5003436\.gradle\caches\modules-2\files-2.1\org.eclipse.jetty.websocket\websocket-client\9.4.7.v20170914\693b3492e04b78757d88544f321076265909a503\websocket-client-9.4.7.v20170914.jar;C:\Users\SR5003436\.gradle\caches\modules-2\files-2.1\org.eclipse.jetty\jetty-client\9.4.7.v20170914\b1026e2f37cfaf626b7c42c05ce1ec83cd6609ec\jetty-client-9.4.7.v20170914.jar;C:\Users\SR5003436\.gradle\caches\modules-2\files-2.1\org.eclipse.jetty\jetty-servlet\9.4.7.v20170914\980023d7ac2504839f89f337de76c345b21808a1\jetty-servlet-9.4.7.v20170914.jar;C:\Users\SR5003436\.gradle\caches\modules-2\files-2.1\org.eclipse.jetty\jetty-security\9.4.7.v20170914\5119551fb6f19c556ea40588ab4c8f11967796ad\jetty-security-9.4.7.v20170914.jar;C:\Users\SR5003436\.gradle\caches\modules-2\files-2.1\org.eclipse.jetty\jetty-server\9.4.7.v20170914\886adb1b347f42698ea5482e600033428ad32afb\jetty-server-9.4.7.v20170914.jar;C:\Users\SR5003436\.gradle\caches\modules-2\files-2.1\org.eclipse.jetty\jetty-http\9.4.7.v20170914\44a0adb69ff6131129df34d43b28e196c8ce0a90\jetty-http-9.4.7.v20170914.jar;C:\Users\SR5003436\.gradle\caches\modules-2\files-2.1\org.eclipse.jetty.websocket\websocket-common\9.4.7.v20170914\47d18802581af0a1c458f7074a47e6e07ee864a0\websocket-common-9.4.7.v20170914.jar;C:\Users\SR5003436\.gradle\caches\modules-2\files-2.1\org.eclipse.jetty\jetty-io\9.4.7.v20170914\a51742105ec2665f5ad80c17c784b388cb855329\jetty-io-9.4.7.v20170914.jar;C:\Users\SR5003436\.gradle\caches\modules-2\files-2.1\org.eclipse.jetty\jetty-xml\9.4.7.v20170914\203e38c00bba11bcb72b41c8d7a1714df61f31e5\jetty-xml-9.4.7.v20170914.jar;C:\Users\SR5003436\.gradle\caches\modules-2\files-2.1\org.eclipse.jetty\jetty-util\9.4.7.v20170914\771efdf5983c174d6d9c58892108c1c2d018404a\jetty-util-9.4.7.v20170914.jar;C:\Users\SR5003436\.gradle\caches\modules-2\files-2.1\org.eclipse.jetty.websocket\websocket-servlet\9.4.7.v20170914\a75e6706b6af7a87bd3edebbddc45e6cb525f321\websocket-servlet-9.4.7.v20170914.jar;C:\Users\SR5003436\.gradle\caches\modules-2\files-2.1\javax.websocket\javax.websocket-api\1.0\fc843b649d4a1dcb0497669d262befa3918c7ba8\javax.websocket-api-1.0.jar;C:\Users\SR5003436\.gradle\caches\modules-2\files-2.1\net.minidev\json-smart\2.2.1\5b9e5df7a62d1279b70dc882b041d249c4f0b002\json-smart-2.2.1.jar;C:\Users\SR5003436\.gradle\caches\modules-2\files-2.1\ch.qos.logback\logback-classic\1.1.11\ccedfbacef4a6515d2983e3f89ed753d5d4fb665\logback-classic-1.1.11.jar;C:\Users\SR5003436\.gradle\caches\modules-2\files-2.1\org.slf4j\jcl-over-slf4j\1.7.25\f8c32b13ff142a513eeb5b6330b1588dcb2c0461\jcl-over-slf4j-1.7.25.jar;C:\Users\SR5003436\.gradle\caches\modules-2\files-2.1\org.slf4j\jul-to-slf4j\1.7.25\af5364cd6679bfffb114f0dec8a157aaa283b76\jul-to-slf4j-1.7.25.jar;C:\Users\SR5003436\.gradle\caches\modules-2\files-2.1\org.slf4j\log4j-over-slf4j\1.7.25\a87bb47468f47ee7aabbd54f93e133d4215769c3\log4j-over-slf4j-1.7.25.jar;C:\Users\SR5003436\.gradle\caches\modules-2\files-2.1\org.slf4j\slf4j-api\1.7.25\da76ca59f6a57ee3102f8f9bd9cee742973efa8a\slf4j-api-1.7.25.jar;C:\Users\SR5003436\.gradle\caches\modules-2\files-2.1\org.objenesis\objenesis\2.1\87c0ea803b69252868d09308b4618f766f135a96\objenesis-2.1.jar;C:\Users\SR5003436\.gradle\caches\modules-2\files-2.1\com.vaadin.external.google\android-json\0.0.20131108.vaadin1\fa26d351fe62a6a17f5cda1287c1c6110dec413f\android-json-0.0.20131108.vaadin1.jar;C:\Users\SR5003436\.gradle\caches\modules-2\files-2.1\org.apache.tomcat\tomcat-annotations-api\8.5.23\aaf17df9fe0240e9e9d5375d24d5f177174b73d9\tomcat-annotations-api-8.5.23.jar;C:\Users\SR5003436\.gradle\caches\modules-2\files-2.1\org.eclipse.jetty.websocket\websocket-api\9.4.7.v20170914\aa7717f73a613c338bda18bfa5b7bd8b6917330\websocket-api-9.4.7.v20170914.jar;C:\Users\SR5003436\.gradle\caches\modules-2\files-2.1\javax.servlet\javax.servlet-api\3.1.0\3cd63d075497751784b2fa84be59432f4905bf7c\javax.servlet-api-3.1.0.jar;C:\Users\SR5003436\.gradle\caches\modules-2\files-2.1\javax.annotation\javax.annotation-api\1.2\479c1e06db31c432330183f5cae684163f186146\javax.annotation-api-1.2.jar;C:\Users\SR5003436\.gradle\caches\modules-2\files-2.1\net.minidev\accessors-smart\1.1\a527213f2fea112a04c9bdf0ec0264e34104cd08\accessors-smart-1.1.jar;C:\Users\SR5003436\.gradle\caches\modules-2\files-2.1\org.ow2.asm\asm-commons\5.1\25d8a575034dd9cfcb375a39b5334f0ba9c8474e\asm-commons-5.1.jar;C:\Users\SR5003436\.gradle\caches\modules-2\files-2.1\org.ow2.asm\asm-tree\5.1\87b38c12a0ea645791ead9d3e74ae5268d1d6c34\asm-tree-5.1.jar;C:\Users\SR5003436\.gradle\caches\modules-2\files-2.1\org.ow2.asm\asm\5.1\5ef31c4fe953b1fd00b8a88fa1d6820e8785bb45\asm-5.1.jar;C:\Users\SR5003436\.gradle\caches\modules-2\files-2.1\ch.qos.logback\logback-core\1.1.11\88b8df40340eed549fb07e2613879bf6b006704d\logback-core-1.1.11.jar, user.name=SR5003436, java.vm.specification.version=1.8, sun.java.command=worker.org.gradle.process.internal.worker.GradleWorkerMain 'Gradle Test Executor 1', java.home=C:\Program Files\Java\jdk1.8.0_25\jre, sun.arch.data.model=32, user.language=en, java.specification.vendor=Oracle Corporation, awt.toolkit=sun.awt.windows.WToolkit, java.vm.info=mixed mode, java.version=1.8.0_25, java.ext.dirs=C:\Program Files\Java\jdk1.8.0_25\jre\lib\ext;C:\Windows\Sun\Java\lib\ext, sun.boot.class.path=C:\Program Files\Java\jdk1.8.0_25\jre\lib\resources.jar;C:\Program Files\Java\jdk1.8.0_25\jre\lib\rt.jar;C:\Program Files\Java\jdk1.8.0_25\jre\lib\sunrsasign.jar;C:\Program Files\Java\jdk1.8.0_25\jre\lib\jsse.jar;C:\Program Files\Java\jdk1.8.0_25\jre\lib\jce.jar;C:\Program Files\Java\jdk1.8.0_25\jre\lib\charsets.jar;C:\Program Files\Java\jdk1.8.0_25\jre\lib\jfr.jar;C:\Program Files\Java\jdk1.8.0_25\jre\classes, java.vendor=Oracle Corporation, org.gradle.test.worker=1, file.separator=\, java.vendor.url.bug=http://bugreport.sun.com/bugreport/, sun.io.unicode.encoding=UnicodeLittle, sun.cpu.endian=little, sun.desktop=windows, sun.cpu.isalist=pentium_pro+mmx pentium_pro pentium+mmx pentium i486 i386 i86}}, SystemEnvironmentPropertySource@7535818 {name='systemEnvironment', properties={PROCESSOR_LEVEL=6, https_proxy=http://SR5003436:Domain@2@10.119.32.71:8080, FP_NO_HOST_CHECK=NO, SESSIONNAME=Console, ALLUSERSPROFILE=C:\ProgramData, PROCESSOR_ARCHITECTURE=x86, PSModulePath=C:\Windows\system32\WindowsPowerShell\v1.0\Modules\, SystemDrive=C:, DEFLOGDIR=C:\ProgramData\McAfee\Endpoint Security\Logs, DIRNAME=D:\Sameer\Workspace2\springrestoauth2\, USERNAME=SR5003436, USERDNSDOMAIN=SYNTELORG.COM, CMD_LINE_ARGS=build, APP_HOME=D:\Sameer\Workspace2\springrestoauth2\, PATHEXT=.COM;.EXE;.BAT;.CMD;.VBS;.VBE;.JS;.JSE;.WSF;.WSH;.MSC, ProgramData=C:\ProgramData, HOMEPATH=\Users\SR5003436, PROCESSOR_IDENTIFIER=x86 Family 6 Model 58 Stepping 9, GenuineIntel, HADOOP_HOME=D:\Sameer\had\hadoop\hadoop-2.7.3, ProgramFiles=C:\Program Files, PUBLIC=C:\Users\Public, windir=C:\Windows, _SKIP=2, LOCALAPPDATA=C:\Users\SR5003436\AppData\Local, USERDOMAIN=SYNTELORG, LOGONSERVER=\\VPS2CADC02, JAVA_HOME=C:\Program Files\Java\jdk1.8.0_25, PROMPT=$P$G, =C:=C:\Users\SR5003436, APPDATA=C:\Users\SR5003436\AppData\Roaming, JAVA_EXE=C:\Program Files\Java\jdk1.8.0_25/bin/java.exe, windows_tracing_logfile=C:\BVTBin\Tests\installpackage\csilogfile.log, CommonProgramFiles=C:\Program Files\Common Files, Path=C:\Users\SR5003436\AppData\Local\Programs\Python\Python35-32;C:\Users\SR5003436\AppData\Local\Programs\Python\Python35-32\Scripts;C:\ProgramData\Oracle\Java\javapath;C:\Windows\system32;C:\Windows;C:\Windows\System32\Wbem;C:\Windows\System32\WindowsPowerShell\v1.0\;C:\Program Files\Java\jdk1.6.0_18\bin;C:\Program Files\Git\cmd;d:\Continuum\Anaconda3;d:\Continuum\Anaconda3\Scripts;d:\Continuum\Anaconda3\Library\bin;C:\Users\SR5003436\AppData\Local\Programs\Python\Python36-32\Scripts\;C:\Users\SR5003436\AppData\Local\Programs\Python\Python36-32\;D:\Sameer\Anaconda3;D:\Sameer\Anaconda3\Scripts;D:\Sameer\Anaconda3\Library\bin;D:\Sameer\CloudFoundry;D:\Sameer\gradle-4.3.1\bin, OS=Windows_NT, windows_tracing_flags=3, COMPUTERNAME=SYNPSZD2906, PROCESSOR_REVISION=3a09, CLASSPATH=D:\Sameer\Workspace2\springrestoauth2\\gradle\wrapper\gradle-wrapper.jar, ComSpec=C:\Windows\system32\cmd.exe, UATDATA=C:\Windows\CCM\UATData\D9F8C395-CAB8-491d-B8AC-179A1FE1BE77, APP_BASE_NAME=gradlew, =D:=D:\Sameer\Workspace2\springrestoauth2, SystemRoot=C:\Windows, TEMP=C:\Users\SR5003~1\AppData\Local\Temp, HOMEDRIVE=C:, USERPROFILE=C:\Users\SR5003436, TMP=C:\Users\SR5003~1\AppData\Local\Temp, NUMBER_OF_PROCESSORS=4}}]
15:17:56.450 [Test worker] DEBUG org.springframework.core.io.support.PathMatchingResourcePatternResolver - Resolved classpath location [springrestoauth2/] to resources [URL [file:/D:/Sameer/Workspace2/springrestoauth2/build/classes/java/test/springrestoauth2/]]
15:17:56.451 [Test worker] DEBUG org.springframework.core.io.support.PathMatchingResourcePatternResolver - Looking for matching resources in directory tree [D:\Sameer\Workspace2\springrestoauth2\build\classes\java\test\springrestoauth2]
15:17:56.451 [Test worker] DEBUG org.springframework.core.io.support.PathMatchingResourcePatternResolver - Searching directory [D:\Sameer\Workspace2\springrestoauth2\build\classes\java\test\springrestoauth2] for files matching pattern [D:/Sameer/Workspace2/springrestoauth2/build/classes/java/test/springrestoauth2/*.class]
15:17:56.455 [Test worker] DEBUG org.springframework.core.io.support.PathMatchingResourcePatternResolver - Resolved location pattern [classpath*:springrestoauth2/*.class] to resources [file [D:\Sameer\Workspace2\springrestoauth2\build\classes\java\test\springrestoauth2\InvoiceControllerTest.class]]
]]></system-out>
  <system-err><![CDATA[]]></system-err>
</testsuite>
